c:\users\우리집노트북2\source\repos\project1\project1\debug\vc142.pdb
c:\users\우리집노트북2\source\repos\project1\project1\debug\vc142.idb
c:\users\우리집노트북2\source\repos\project1\project1\debug\hello, world!.obj
c:\users\우리집노트북2\source\repos\project1\project1\debug\hello 1234.obj
c:\users\우리집노트북2\source\repos\project1\debug\project1.pdb
c:\users\우리집노트북2\source\repos\project1\project1\debug\project1.tlog\cl.command.1.tlog
c:\users\우리집노트북2\source\repos\project1\project1\debug\project1.tlog\cl.read.1.tlog
c:\users\우리집노트북2\source\repos\project1\project1\debug\project1.tlog\cl.write.1.tlog
c:\users\우리집노트북2\source\repos\project1\project1\debug\project1.tlog\link-cvtres.read.1.tlog
c:\users\우리집노트북2\source\repos\project1\project1\debug\project1.tlog\link-cvtres.write.1.tlog
c:\users\우리집노트북2\source\repos\project1\project1\debug\project1.tlog\link-rc.read.1.tlog
c:\users\우리집노트북2\source\repos\project1\project1\debug\project1.tlog\link-rc.write.1.tlog
c:\users\우리집노트북2\source\repos\project1\project1\debug\project1.tlog\link.6888-cvtres.read.1.tlog
c:\users\우리집노트북2\source\repos\project1\project1\debug\project1.tlog\link.6888-cvtres.write.1.tlog
c:\users\우리집노트북2\source\repos\project1\project1\debug\project1.tlog\link.6888-rc.read.1.tlog
c:\users\우리집노트북2\source\repos\project1\project1\debug\project1.tlog\link.6888-rc.write.1.tlog
c:\users\우리집노트북2\source\repos\project1\project1\debug\project1.tlog\link.6888.read.1.tlog
c:\users\우리집노트북2\source\repos\project1\project1\debug\project1.tlog\link.6888.write.1.tlog
c:\users\우리집노트북2\source\repos\project1\project1\debug\project1.tlog\link.command.1.tlog
c:\users\우리집노트북2\source\repos\project1\project1\debug\project1.tlog\link.read.1.tlog
c:\users\우리집노트북2\source\repos\project1\project1\debug\project1.tlog\link.write.1.tlog
