  member profile.c
C:\Users\우리집노트북2\source\repos\Project13\Project13\member profile.c(143,23): warning C4047: '함수': 'int'의 간접 참조 수준이 'void *'과(와) 다릅니다.
C:\Users\우리집노트북2\source\repos\Project13\Project13\member profile.c(143,19): warning C4024: 'memset': 형식 및 실제 매개 변수 2의 형식이 서로 다릅니다.
C:\Users\우리집노트북2\source\repos\Project13\Project13\member profile.c(144,29): warning C4047: '함수': 'int'의 간접 참조 수준이 'void *'과(와) 다릅니다.
C:\Users\우리집노트북2\source\repos\Project13\Project13\member profile.c(144,25): warning C4024: 'memset': 형식 및 실제 매개 변수 2의 형식이 서로 다릅니다.
C:\Users\우리집노트북2\source\repos\Project13\Project13\member profile.c(145,25): warning C4047: '함수': 'int'의 간접 참조 수준이 'void *'과(와) 다릅니다.
C:\Users\우리집노트북2\source\repos\Project13\Project13\member profile.c(145,21): warning C4024: 'memset': 형식 및 실제 매개 변수 2의 형식이 서로 다릅니다.
C:\Users\우리집노트북2\source\repos\Project13\Project13\member profile.c(146,21): warning C4047: '=': 'int'의 간접 참조 수준이 'void *'과(와) 다릅니다.
C:\Users\우리집노트북2\source\repos\Project13\Project13\member profile.c(228,6): warning C4013: 'gets'이(가) 정의되지 않았습니다. extern은 int형을 반환하는 것으로 간주합니다.
C:\Users\우리집노트북2\source\repos\Project13\Project13\member profile.c(701,33): warning C4047: '함수': 'const char *'의 간접 참조 수준이 'char (*)[1000]'과(와) 다릅니다.
C:\Users\우리집노트북2\source\repos\Project13\Project13\member profile.c(701,23): warning C4024: 'fopen': 형식 및 실제 매개 변수 1의 형식이 서로 다릅니다.
C:\Users\우리집노트북2\source\repos\Project13\Project13\member profile.c(714,30): warning C4047: '함수': 'const char *'의 간접 참조 수준이 'char (*)[1000]'과(와) 다릅니다.
C:\Users\우리집노트북2\source\repos\Project13\Project13\member profile.c(714,20): warning C4024: 'fopen': 형식 및 실제 매개 변수 1의 형식이 서로 다릅니다.
C:\Users\우리집노트북2\source\repos\Project13\Project13\member profile.c(727,30): warning C4047: '함수': 'const char *'의 간접 참조 수준이 'char (*)[1000]'과(와) 다릅니다.
C:\Users\우리집노트북2\source\repos\Project13\Project13\member profile.c(727,20): warning C4024: 'fopen': 형식 및 실제 매개 변수 1의 형식이 서로 다릅니다.
C:\Users\우리집노트북2\source\repos\Project13\Project13\member profile.c(731,30): warning C4047: '함수': 'const char *'의 간접 참조 수준이 'char (*)[1000]'과(와) 다릅니다.
C:\Users\우리집노트북2\source\repos\Project13\Project13\member profile.c(731,20): warning C4024: 'fopen': 형식 및 실제 매개 변수 1의 형식이 서로 다릅니다.
C:\Users\우리집노트북2\source\repos\Project13\Project13\member profile.c(806,33): warning C4047: '함수': 'const char *'의 간접 참조 수준이 'char (*)[1000]'과(와) 다릅니다.
C:\Users\우리집노트북2\source\repos\Project13\Project13\member profile.c(806,23): warning C4024: 'fopen': 형식 및 실제 매개 변수 1의 형식이 서로 다릅니다.
C:\Users\우리집노트북2\source\repos\Project13\Project13\member profile.c(818,38): warning C4047: '함수': 'const char *'의 간접 참조 수준이 'char (*)[1000]'과(와) 다릅니다.
C:\Users\우리집노트북2\source\repos\Project13\Project13\member profile.c(818,28): warning C4024: 'fopen': 형식 및 실제 매개 변수 1의 형식이 서로 다릅니다.
C:\Users\우리집노트북2\source\repos\Project13\Project13\member profile.c(820,29): warning C4047: '함수': 'const char *'의 간접 참조 수준이 'char (*)[1000]'과(와) 다릅니다.
C:\Users\우리집노트북2\source\repos\Project13\Project13\member profile.c(820,19): warning C4024: 'fopen': 형식 및 실제 매개 변수 1의 형식이 서로 다릅니다.
C:\Users\우리집노트북2\source\repos\Project13\Project13\member profile.c(838,23): warning C4047: '=': 'char'의 간접 참조 수준이 'void *'과(와) 다릅니다.
C:\Users\우리집노트북2\source\repos\Project13\Project13\member profile.c(773,11): warning C4101: 'free_node' :참조되지 않은 지역 변수입니다.
  Project13.vcxproj -> C:\Users\우리집노트북2\source\repos\Project13\Debug\Project13.exe
